{
  "RSpec": {
    "coverage": {
      "/home/melissen-up/tic-tac-toe-rb-ruby-apply-000/lib/tic_tac_toe.rb": [
        1,
        null,
        1,
        7,
        7,
        7,
        7,
        7,
        null,
        7,
        null,
        null,
        1,
        145,
        null,
        null,
        1,
        7,
        null,
        null,
        1,
        7,
        7,
        null,
        0,
        null,
        null,
        null,
        1,
        145,
        7,
        null,
        138,
        null,
        null,
        null,
        1,
        148,
        148,
        145,
        145,
        7,
        7,
        null,
        138,
        null,
        null,
        null,
        1,
        7,
        7,
        63,
        0,
        null,
        null,
        7,
        null,
        null,
        1,
        7,
        null,
        null,
        1,
        2,
        16,
        16,
        16,
        null,
        16,
        16,
        16,
        null,
        16,
        0,
        null,
        null,
        2,
        null,
        null,
        1,
        5,
        0,
        5,
        5,
        null,
        0,
        null,
        null,
        null,
        1,
        2,
        0,
        null,
        2,
        null,
        null,
        null,
        1,
        3,
        0,
        null,
        3,
        null,
        null,
        null,
        1,
        0,
        0,
        0,
        null,
        0,
        null,
        null,
        1,
        12,
        0,
        0,
        0,
        0,
        null,
        null
      ]
    },
    "timestamp": 1602127051
  }
}
